<?xml version="1.0" encoding="UTF-8"?>
<!-- Generated by org.testng.reporters.JUnitReportReporter -->
<testsuite skipped="0" hostname="DESKTOP-U52CDKB" name="google.google.ValidateInvalidLinks" tests="1" failures="0" timestamp="26 Oct 2020 10:31:33 GMT" time="0.009" errors="0">
  <testcase name="validateInvalidLinks" time="0.009" classname="google.google.ValidateInvalidLinks"/>
</testsuite> <!-- google.google.ValidateInvalidLinks -->
